<?xml version="1.0" encoding="UTF-8"?>
<testsuite name="com.yangju0411.book.springboot.web.dto.HelloResponseDtoTest" tests="1" skipped="0" failures="0" errors="0" timestamp="2021-09-12T06:10:38" hostname="DESKTOP-5RL6MPA" time="0.109">
  <properties/>
  <testcase name="test_lombok()" classname="com.yangju0411.book.springboot.web.dto.HelloResponseDtoTest" time="0.109"/>
  <system-out><![CDATA[]]></system-out>
  <system-err><![CDATA[]]></system-err>
</testsuite>
